SF:lib\features\lyrics\domain\lyrics_entity.dart
DA:4,6
DA:15,2
DA:16,10
DA:18,5
DA:23,5
DA:24,1
DA:25,5
DA:26,5
DA:27,5
LF:9
LH:9
end_of_record
SF:lib\features\lyrics\domain\lyrics_use_cases.dart
DA:7,6
DA:8,6
DA:9,6
DA:10,6
DA:11,4
DA:12,12
DA:15,6
DA:16,1
DA:17,2
DA:18,1
DA:19,2
DA:23,0
DA:24,0
DA:25,0
DA:26,0
DA:28,0
DA:31,5
DA:32,15
DA:34,5
DA:35,25
DA:36,6
DA:38,2
DA:40,6
DA:46,4
DA:55,4
DA:56,12
DA:63,5
DA:65,0
DA:66,0
DA:72,2
DA:76,2
DA:77,4
LF:32
LH:25
end_of_record
SF:lib\providers.dart
DA:12,16
DA:14,12
DA:16,1
DA:18,1
DA:21,2
DA:22,1
DA:23,2
DA:26,18
DA:27,12
DA:30,12
DA:31,8
DA:34,6
DA:35,4
DA:37,2
DA:38,8
DA:43,1
DA:44,3
DA:45,3
DA:47,3
LF:19
LH:19
end_of_record
SF:lib\features.dart
DA:5,6
DA:14,1
DA:16,1
DA:19,1
LF:4
LH:4
end_of_record
SF:lib\features\lyrics\domain\lyrics_view_model.dart
DA:5,4
DA:22,0
DA:23,0
DA:30,1
DA:35,1
LF:5
LH:3
end_of_record
SF:lib\features\lyrics\external_interface\lyrics_gateway.dart
DA:13,4
DA:14,4
DA:15,4
DA:16,4
DA:20,3
DA:22,9
DA:25,0
DA:27,0
DA:30,2
DA:32,4
DA:41,3
DA:43,1
DA:44,3
LF:13
LH:11
end_of_record
SF:lib\features\lyrics\presentation\lyrics_ui.dart
DA:8,2
DA:9,2
DA:11,2
DA:14,2
DA:15,2
DA:18,2
DA:19,2
DA:20,7
DA:27,2
DA:31,2
DA:36,2
DA:38,2
DA:40,2
DA:44,2
LF:14
LH:14
end_of_record
SF:lib\features\lyrics\presentation\lyrics_presenter.dart
DA:11,4
DA:12,4
DA:14,4
DA:17,4
DA:19,4
DA:22,4
DA:25,4
DA:26,4
DA:27,4
DA:28,2
DA:29,2
DA:30,4
DA:33,1
DA:34,2
DA:37,1
DA:38,2
LF:16
LH:16
end_of_record
SF:lib\home_page.dart
DA:10,3
DA:11,3
DA:13,3
DA:15,3
DA:16,3
DA:18,3
DA:19,3
DA:22,3
DA:23,3
DA:24,3
DA:25,3
DA:28,3
DA:31,3
DA:32,3
DA:41,3
DA:44,3
DA:47,3
DA:48,3
DA:57,3
DA:59,3
DA:60,3
DA:62,1
DA:63,4
DA:64,4
DA:65,1
DA:66,2
LF:26
LH:26
end_of_record
SF:lib\routes.dart
DA:8,6
DA:13,9
DA:14,3
DA:15,3
DA:18,6
DA:19,3
DA:20,3
DA:23,2
DA:29,3
DA:33,2
DA:37,1
DA:39,1
DA:40,1
DA:41,3
LF:14
LH:14
end_of_record
SF:lib\main.dart
DA:7,1
DA:8,1
DA:9,2
DA:13,1
DA:15,1
DA:16,1
DA:17,1
DA:18,7
DA:19,1
DA:20,1
DA:24,1
DA:25,2
DA:26,2
DA:27,1
LF:14
LH:14
end_of_record
